SERVER_HANDSHAKE_TRAFFIC_SECRET 53b0dc5c09f6dad8e1bf56fa21b668f731becfa087446ff20c8b3965cdb91b54 826827579c0be77f96a8ed3de8db5462fc4479ab29e757be99539a6a41925b3485c0d7fe9713ed773294e0b85d7cf03e
EXPORTER_SECRET 53b0dc5c09f6dad8e1bf56fa21b668f731becfa087446ff20c8b3965cdb91b54 b71671e8be2516043bb1134e9e12bfb09dc4cdba4e2543d45b39beceb5479f1f3661786c18c4221d02a682e55c62a1e8
SERVER_TRAFFIC_SECRET_0 53b0dc5c09f6dad8e1bf56fa21b668f731becfa087446ff20c8b3965cdb91b54 7c1907bcfd222a0f66699ac4bc5f934cd1468e9265efc0e7f43a53aea90b9b0e75828b5df53af54ed02f3692e25ee903
CLIENT_HANDSHAKE_TRAFFIC_SECRET 53b0dc5c09f6dad8e1bf56fa21b668f731becfa087446ff20c8b3965cdb91b54 55822515fcbcc372463af71fa14acb1bcf6158aca4f1742497b72e3b2d302a6186ff8750650614630348374a5cb8feb7
CLIENT_TRAFFIC_SECRET_0 53b0dc5c09f6dad8e1bf56fa21b668f731becfa087446ff20c8b3965cdb91b54 f82d4d399fab3ecea817f8113d999026d26483763adfcce4575bd597301d128455b75014a59815ec88fcf665bcc90816
SERVER_HANDSHAKE_TRAFFIC_SECRET a02f294853bb24d78846a9f88e2663c8370532d54a60266ff0dbc6276d655b8a 34dc7377a3238eac4cd35bca7e43173a98d02d55577286e03bc6460e20c6b196829a424c3b9640331b0255a2fc762827
EXPORTER_SECRET a02f294853bb24d78846a9f88e2663c8370532d54a60266ff0dbc6276d655b8a f459a32c1e1b94f3752455df7e9c126384940b7b9a54a623b6d58f3c99596cb7f65480fab57155b461504436379e0b02
SERVER_TRAFFIC_SECRET_0 a02f294853bb24d78846a9f88e2663c8370532d54a60266ff0dbc6276d655b8a c546b54df3485b9bc8a120e9b492bc9d5490db461c07799a1a4700a43e3e276e3a6135a2bf1b1f57d80757fe0c74c449
CLIENT_HANDSHAKE_TRAFFIC_SECRET a02f294853bb24d78846a9f88e2663c8370532d54a60266ff0dbc6276d655b8a 4dd28498a999db69030d96c307d5d7809b7d92c3e515bfd21c17b8b0e0418d523707b5b6c0e0431cc6f9a5eecfcb0e80
CLIENT_TRAFFIC_SECRET_0 a02f294853bb24d78846a9f88e2663c8370532d54a60266ff0dbc6276d655b8a f767d3f349651a23146e4101e551f713d4af2baad7a7cd1d3b669a8a7e284280c68ea4fb27d4b560a36405ffaaf41889
SERVER_HANDSHAKE_TRAFFIC_SECRET 97c92ac4702bc2c65a9ce1797a3ecfc2fdd0fafbcedcfcb40039efc9dcd6d621 d1da4d6aeef26476b29363747b200c8cb2fa2cf3e120f476f066bcb3b653d54561a3a9f230345e4d06a49bd2ffd7fd56
EXPORTER_SECRET 97c92ac4702bc2c65a9ce1797a3ecfc2fdd0fafbcedcfcb40039efc9dcd6d621 f2b0ab2b32260aa1334d618c16e2d06d1b7b970b63ae459c3b6cd05b61bf3f30018b3aacaf5c87ddadfd172ca821f107
SERVER_TRAFFIC_SECRET_0 97c92ac4702bc2c65a9ce1797a3ecfc2fdd0fafbcedcfcb40039efc9dcd6d621 9b8926794751afb661028fac580ac434acb796a6dd647a696ff89d7dc7dfcb2c3ea7b4fe8dccf7d3e30c5d36e0b2599a
CLIENT_HANDSHAKE_TRAFFIC_SECRET 97c92ac4702bc2c65a9ce1797a3ecfc2fdd0fafbcedcfcb40039efc9dcd6d621 4be334de0dbd404b7617bc675bd1e43e1719ee4117173c27835ac68b901db8814cbb7637b6fbc37e5f9739a410ad8b77
CLIENT_TRAFFIC_SECRET_0 97c92ac4702bc2c65a9ce1797a3ecfc2fdd0fafbcedcfcb40039efc9dcd6d621 a03af449bcb312f406b2a5b1a40b97a3d4ecf9620f04d4bd46969e5019adbe8e87170eb975e50403085d1e32b4a43f2c
SERVER_HANDSHAKE_TRAFFIC_SECRET 00e1c3f152de968abad3dddb047f453dc41277b0bdd8e187f419290ba7109dfd cf7b8223eb802d9798ad3c7a35d0d429d9f73773d4a5aedf1c55d768b6cdcf25e51e14526db221a90f1cedc5eab615ec
EXPORTER_SECRET 00e1c3f152de968abad3dddb047f453dc41277b0bdd8e187f419290ba7109dfd 585fd6da5110fbb40c2347f7a51b0c2d2253d8502a2a2e26096e63ef08997e023d3771f4eb9c7f66d66229156074c21d
SERVER_TRAFFIC_SECRET_0 00e1c3f152de968abad3dddb047f453dc41277b0bdd8e187f419290ba7109dfd 4a9c365773dbd1c8b5d6404645f6904e0c74ef415242d29d1f72b6834c2e137e85392bd5b601219075e9fb6df346918a
CLIENT_HANDSHAKE_TRAFFIC_SECRET 00e1c3f152de968abad3dddb047f453dc41277b0bdd8e187f419290ba7109dfd 7899ce433ea49f564be179650846d091098e1cae5b99b8c4c5f6fb414cfe80045aa66da3b6c22a6c3f71666c3228b41e
CLIENT_TRAFFIC_SECRET_0 00e1c3f152de968abad3dddb047f453dc41277b0bdd8e187f419290ba7109dfd c1996c19213bb77837185a3b45c0a0102032f8ff7319426a2fd22814ba9bb6f0c09965d2eda2f8b4f01281af61f9bbc5
SERVER_HANDSHAKE_TRAFFIC_SECRET bd67d2705c6f21074c5b4f86894e30999a998087552fb646e2e564bcd00df799 d38f8542316369a690a763b5d56b806b8d21bbd10ccce6a2816da21337c717474deac74dad263e5e84d256ae58c29c40
EXPORTER_SECRET bd67d2705c6f21074c5b4f86894e30999a998087552fb646e2e564bcd00df799 76deef436e6e23cc11b0169eb7cb611be276a997f7f1c170d9d2d23b3e4ff606a8088f440fea1516ecf244fad4e866eb
SERVER_TRAFFIC_SECRET_0 bd67d2705c6f21074c5b4f86894e30999a998087552fb646e2e564bcd00df799 6dcd2e6b1446a405d76ecbe2bc884d13dbdceb66b4b4d86e3b17c250db001b3afcbd88719de079babe34a0e05e2bfcb3
CLIENT_HANDSHAKE_TRAFFIC_SECRET bd67d2705c6f21074c5b4f86894e30999a998087552fb646e2e564bcd00df799 f59f2aed080799260d2c105bfb656a7f4edef66f2003776e72dd1e7b89b302d1c655ff9e2fd87f7080a62cb6b696c1b2
CLIENT_TRAFFIC_SECRET_0 bd67d2705c6f21074c5b4f86894e30999a998087552fb646e2e564bcd00df799 65f5b7ed39656f728383c60a8dd961537c153875e94118ef0b23ef26389166a7ccc2ac875554b1f3a7b56d99fd72121c
SERVER_HANDSHAKE_TRAFFIC_SECRET 5fafb11fd6b6bfea6378b486e705bd36aa1c103d82d71de88962018a5fc1a775 c0905dacacb1ca5026eadfa6a304a07501dd34e4b6c53668cc7bdf44c7cca0fed70a3d824f9433b8448237e15051f49a
EXPORTER_SECRET 5fafb11fd6b6bfea6378b486e705bd36aa1c103d82d71de88962018a5fc1a775 82fcef88b31ab93e375a489045432bb8d5be5900c14b92426ed1f5a2093edaa307e0d5bd7d88738347117247e1924e0f
SERVER_TRAFFIC_SECRET_0 5fafb11fd6b6bfea6378b486e705bd36aa1c103d82d71de88962018a5fc1a775 481a4fa34c0b58c376a3a625588f966b665b7e87d1e0be873d7e5d726dbf5a00d61223fd99e6424f521658d2bc2ff23d
CLIENT_HANDSHAKE_TRAFFIC_SECRET 5fafb11fd6b6bfea6378b486e705bd36aa1c103d82d71de88962018a5fc1a775 0d10c9b058e84a8062d7cd0e355e76688157efb1b86f5bae1ceb1e50bebb2cf3c8ec2bc3a2e46b196f007aee2f5c9b48
CLIENT_TRAFFIC_SECRET_0 5fafb11fd6b6bfea6378b486e705bd36aa1c103d82d71de88962018a5fc1a775 461055b82ddb7ffbc1bb6714b46f3dea40724434d289dd6d09e8b44e14fb7e1e5c2d93d5b8528ef4490de529ae3c5ad2
SERVER_HANDSHAKE_TRAFFIC_SECRET 1fc0ead67e8fdb411f287ca0751d3097e48688925e9821c48cfc560e962d50ec 7d0fdff0b4d0a81e48e87811e06e85386c5c7c84cb049db83ab232d7b56693c07439e17ab2210651c0db1a3e9c9277fc
EXPORTER_SECRET 1fc0ead67e8fdb411f287ca0751d3097e48688925e9821c48cfc560e962d50ec 7c958c543488846d155f9b977dc2d358122fa8bb2278d9c545d7dd82ddf7d00bfbc32336e3bdfc302823bbb9a8837b46
SERVER_TRAFFIC_SECRET_0 1fc0ead67e8fdb411f287ca0751d3097e48688925e9821c48cfc560e962d50ec 452162d4495cf3e082fb47d773af65e189ce13110b191e6aa1b3a4f4e5157627231e130adfb525e41e8628ef228f761c
CLIENT_HANDSHAKE_TRAFFIC_SECRET 1fc0ead67e8fdb411f287ca0751d3097e48688925e9821c48cfc560e962d50ec e6660a51bac10dc97eb8fae8631b2f383ff45d534f543df5403ac3046561036c7e50464b7d8efc1693d92cd9821ceec0
CLIENT_TRAFFIC_SECRET_0 1fc0ead67e8fdb411f287ca0751d3097e48688925e9821c48cfc560e962d50ec e69b0bfeb9427b2c5f2db47941e2a4a668719dbd826229b0689e7d0843aab03e5e63d93df124ebc4c92018e75e698b04
SERVER_HANDSHAKE_TRAFFIC_SECRET df92a091019a8fca3012a5d5c983cddf935ccdfabd5f517aeb645984e2fdf55a ffffffbb120bfc3f9dd186f7b7018863eba5b06092d94536c5b7fcd97d29ec1fceca1958400dbb3b481fb255c0ba2414
EXPORTER_SECRET df92a091019a8fca3012a5d5c983cddf935ccdfabd5f517aeb645984e2fdf55a 1b12235889f74ec6f68f28d40de885db403df276c2fab13670e59d0857d570ce67effe0dcefb24ad118d66ab60956d72
SERVER_TRAFFIC_SECRET_0 df92a091019a8fca3012a5d5c983cddf935ccdfabd5f517aeb645984e2fdf55a a2fba51e5761184847d4965394c06786c6b9f46736d7c5b023ac6d8e178bc1b9fb97bb13148a1fe476c2b85878ff7549
CLIENT_HANDSHAKE_TRAFFIC_SECRET df92a091019a8fca3012a5d5c983cddf935ccdfabd5f517aeb645984e2fdf55a 059dde40992451cb6d53147c278a13184d8d6ca92fa2e135dcaf08b330c6a01261b5a968632b6fdb26bd3ac8a67f7515
CLIENT_TRAFFIC_SECRET_0 df92a091019a8fca3012a5d5c983cddf935ccdfabd5f517aeb645984e2fdf55a 498216583aa34ba0d957573bd7e8ce30a2ac5d12d8e3a6dcd037f5d412221cacb1f70fe014c1b3f6b5f33b0558129582
SERVER_HANDSHAKE_TRAFFIC_SECRET a1b14a46140e43069bb73680a11e4db336f4eb66e810466ab1587e2933a9af2c 6ead0b510fe3eb3957d88756c6cdb05b6abbca422281ed90ed65fe021cca4a462ba77d2f8750c9a2f7218647fab02d0c
EXPORTER_SECRET a1b14a46140e43069bb73680a11e4db336f4eb66e810466ab1587e2933a9af2c 61a1b2acddc922ed21e8d3154f6dbdba7d3c124f7027950e0af520cf4fc2bcb06781971be5ab62acc3d21894b529afcc
SERVER_TRAFFIC_SECRET_0 a1b14a46140e43069bb73680a11e4db336f4eb66e810466ab1587e2933a9af2c 09edbd6fc559d5b64206241145cc66fc7d54963bf466a750e3cb3eb72194285d477006032f002da88af0fabd5c2cdc27
CLIENT_HANDSHAKE_TRAFFIC_SECRET a1b14a46140e43069bb73680a11e4db336f4eb66e810466ab1587e2933a9af2c 2029c3f4dfab1da51b4ff8f67c6b543222864a17eba1f3d0806c405e79327ae464f9b40d913816f0ede6e4f5a5b71207
CLIENT_TRAFFIC_SECRET_0 a1b14a46140e43069bb73680a11e4db336f4eb66e810466ab1587e2933a9af2c cd7bf47a38b06e86a68ff9b9987abe5ff98448944e70f1db339f0570dd06e37c4c9c161bb49dd838f99a7ffa22ec302d
